<?xml version="1.0" encoding="UTF-8"?>
<testsuite name="com.e2ee.server.ServerApplicationTests" tests="1" skipped="0" failures="0" errors="0" timestamp="2025-12-01T13:29:46.025Z" hostname="gangminjes-MacBook-Air.local" time="0.446">
  <properties/>
  <testcase name="contextLoads()" classname="com.e2ee.server.ServerApplicationTests" time="0.446"/>
  <system-out><![CDATA[22:29:45.389 [Test worker] INFO org.springframework.test.context.support.AnnotationConfigContextLoaderUtils -- Could not detect default configuration classes for test class [com.e2ee.server.ServerApplicationTests]: ServerApplicationTests does not declare any static, non-private, non-final, nested classes annotated with @Configuration.
22:29:45.429 [Test worker] INFO org.springframework.boot.test.context.SpringBootTestContextBootstrapper -- Found @SpringBootConfiguration com.e2ee.server.ServerApplication for test class com.e2ee.server.ServerApplicationTests

  .   ____          _            __ _ _
 /\\ / ___'_ __ _ _(_)_ __  __ _ \ \ \ \
( ( )\___ | '_ | '_| | '_ \/ _` | \ \ \ \
 \\/  ___)| |_)| | | | | || (_| |  ) ) ) )
  '  |____| .__|_| |_|_| |_\__, | / / / /
 =========|_|==============|___/=/_/_/_/

 :: Spring Boot ::               (v3.4.12)

2025-12-01T22:29:45.585+09:00  INFO 97105 --- [server] [    Test worker] com.e2ee.server.ServerApplicationTests   : Starting ServerApplicationTests using Java 21.0.8 with PID 97105 (started by gangminje in /Users/gangminje/Desktop/e2ee-chat/server)
2025-12-01T22:29:45.597+09:00  INFO 97105 --- [server] [    Test worker] com.e2ee.server.ServerApplicationTests   : No active profile set, falling back to 1 default profile: "default"
[UserStore] 회원정보 로드완료: 4명
[HistoryStore] 기록 로드: 20
[TCP] ChatServer started on port 9000
2025-12-01T22:29:46.019+09:00  INFO 97105 --- [server] [    Test worker] com.e2ee.server.ServerApplicationTests   : Started ServerApplicationTests in 0.535 seconds (process running for 0.987)
]]></system-out>
  <system-err><![CDATA[Mockito is currently self-attaching to enable the inline-mock-maker. This will no longer work in future releases of the JDK. Please add Mockito as an agent to your build what is described in Mockito's documentation: https://javadoc.io/doc/org.mockito/mockito-core/latest/org/mockito/Mockito.html#0.3
WARNING: A Java agent has been loaded dynamically (/Users/gangminje/.gradle/caches/modules-2/files-2.1/net.bytebuddy/byte-buddy-agent/1.15.11/a38b16385e867f59a641330f0362ebe742788ed8/byte-buddy-agent-1.15.11.jar)
WARNING: If a serviceability tool is in use, please run with -XX:+EnableDynamicAgentLoading to hide this warning
WARNING: If a serviceability tool is not in use, please run with -Djdk.instrument.traceUsage for more information
WARNING: Dynamic loading of agents will be disallowed by default in a future release
]]></system-err>
</testsuite>
